<?xml version="1.0" encoding="UTF-8"?>
<!-- Generated by org.testng.reporters.JUnitReportReporter -->
<testsuite hostname="vemulapallypc" failures="0" tests="2" name="pompractice.BaseclassPractice" time="0.016" errors="0" timestamp="2022-09-01T10:53:45 IST" skipped="0">
  <testcase classname="pompractice.BaseclassPractice" name="test" time="0.012"/>
  <system-out/>
  <testcase classname="pompractice.BaseclassPractice" name="test1" time="0.004"/>
  <system-out/>
</testsuite> <!-- pompractice.BaseclassPractice -->
