<?xml version="1.0" encoding="UTF-8"?>
<!-- Generated by org.testng.reporters.JUnitReportReporter -->
<testsuite hostname="vemulapallypc" failures="0" tests="1" name="practice.ReadOfDataFromExcel" time="0.883" errors="0" timestamp="2022-09-03T15:39:07 IST" skipped="0">
  <testcase classname="practice.ReadOfDataFromExcel" name="readData" time="0.883"/>
  <system-out>
    <![CDATA[data has been read from the excel]]>
  </system-out>
</testsuite> <!-- practice.ReadOfDataFromExcel -->
