<?xml version="1.0" encoding="UTF-8"?>
<!-- Generated by org.testng.reporters.JUnitReportReporter -->
<testsuite hostname="vemulapallypc" failures="0" tests="1" name="practice.ReadDataFromPropertiesFile" time="0.012" errors="0" timestamp="2022-09-03T15:27:56 IST" skipped="0">
  <testcase classname="practice.ReadDataFromPropertiesFile" name="readDatafopop" time="0.012"/>
  <system-out>
    <![CDATA[keys send withadminadminhttp://localhost:8899]]>
  </system-out>
</testsuite> <!-- practice.ReadDataFromPropertiesFile -->
