<?xml version="1.0" encoding="UTF-8"?>
<!-- Generated by org.testng.reporters.JUnitReportReporter -->
<testsuite hostname="vemulapallypc" failures="0" tests="2" name="vtigwe.contactsTessts.CreateContactTest" time="82.258" errors="0" timestamp="2022-09-03T11:59:45 IST" skipped="0">
  <testcase classname="vtigwe.contactsTessts.CreateContactTest" name="CreateContactTes" time="51.117"/>
  <system-out/>
  <testcase classname="vtigwe.contactsTessts.CreateContactTest" name="CreateContactTes" time="31.141"/>
  <system-out/>
</testsuite> <!-- vtigwe.contactsTessts.CreateContactTest -->
