<?xml version="1.0" encoding="UTF-8"?>
<!-- Generated by org.testng.reporters.JUnitReportReporter -->
<testsuite hostname="vemulapallypc" failures="0" tests="1" name="practice.REtryAnalysierPractice" time="0.012" errors="0" timestamp="2022-09-06T12:22:36 IST" skipped="0">
  <testcase classname="practice.REtryAnalysierPractice" name="run" time="0.012"/>
  <system-out/>
</testsuite> <!-- practice.REtryAnalysierPractice -->
