<?xml version="1.0" encoding="UTF-8"?>
<!-- Generated by org.testng.reporters.JUnitReportReporter -->
<testsuite hostname="vemulapallypc" failures="0" tests="1" name="vtigwe.contactsTessts.CreateContacWithORgnamePOMTest" time="101.632" errors="0" timestamp="2022-09-10T10:57:16 IST" skipped="0">
  <testcase classname="vtigwe.contactsTessts.CreateContacWithORgnamePOMTest" name="CreateContacWithORgnamePO" time="101.632"/>
  <system-out>
    <![CDATA[clicked on orgination link
clciked on create new org lookup image
clicked on contact link
clicked on new contact img]]>
  </system-out>
</testsuite> <!-- vtigwe.contactsTessts.CreateContacWithORgnamePOMTest -->
