<?xml version="1.0" encoding="UTF-8"?>
<!-- Generated by org.testng.reporters.JUnitReportReporter -->
<testsuite hostname="vemulapallypc" failures="0" tests="1" name="vtigwe.contactsTessts.Contact_TestScript_With_org" time="30.747" errors="0" timestamp="2022-09-02T12:14:20 IST" skipped="0">
  <testcase classname="vtigwe.contactsTessts.Contact_TestScript_With_org" name="Contact_TestScript_With_or" time="30.747"/>
  <system-out/>
</testsuite> <!-- vtigwe.contactsTessts.Contact_TestScript_With_org -->
