<?xml version="1.0" encoding="UTF-8"?>
<!-- Generated by org.testng.reporters.JUnitReportReporter -->
<testsuite hostname="vemulapallypc" failures="0" tests="1" name="pompractice.CeratingProduct" time="63.157" errors="0" timestamp="2022-09-05T11:53:55 IST" skipped="0">
  <testcase classname="pompractice.CeratingProduct" name="CreatingProduct" time="63.157"/>
  <system-out>
    <![CDATA[clicked on vendor link
clicked on new vendor
producet link clicked
create new product is clicked]]>
  </system-out>
</testsuite> <!-- pompractice.CeratingProduct -->
